1650908550.369727 client started (16945): version 3.2a, socket /run/tmux/1000/default, protocol 8
1650908550.369765 on Linux 5.17.4-1-default #1 SMP PREEMPT Wed Apr 20 07:43:03 UTC 2022 (75e9961)
1650908550.369781 using libevent 2.1.12-stable (poll); ncurses 6.3
1650908550.369816 flags are 0x10010000
1650908550.369824 socket is /run/tmux/1000/default
1650908550.369841 trying connect
1650908550.369927 add peer 0x55dc4d3428d0: 6 ((nil))
1650908550.370254 sending message 100 to peer 0x55dc4d3428d0 (4 bytes)
1650908550.370273 sending message 111 to peer 0x55dc4d3428d0 (8 bytes)
1650908550.370281 sending message 101 to peer 0x55dc4d3428d0 (16 bytes)
1650908550.370289 sending message 109 to peer 0x55dc4d3428d0 (4 bytes)
1650908550.370297 sending message 102 to peer 0x55dc4d3428d0 (11 bytes)
1650908550.370304 sending message 108 to peer 0x55dc4d3428d0 (31 bytes)
1650908550.370312 sending message 112 to peer 0x55dc4d3428d0 (70 bytes)
1650908550.370319 sending message 112 to peer 0x55dc4d3428d0 (5 bytes)
1650908550.370327 sending message 112 to peer 0x55dc4d3428d0 (5 bytes)
1650908550.370334 sending message 112 to peer 0x55dc4d3428d0 (6 bytes)
1650908550.370342 sending message 112 to peer 0x55dc4d3428d0 (6 bytes)
1650908550.370349 sending message 112 to peer 0x55dc4d3428d0 (11 bytes)
1650908550.370357 sending message 112 to peer 0x55dc4d3428d0 (10 bytes)
1650908550.370364 sending message 112 to peer 0x55dc4d3428d0 (13 bytes)
1650908550.370371 sending message 112 to peer 0x55dc4d3428d0 (13 bytes)
1650908550.370379 sending message 112 to peer 0x55dc4d3428d0 (18 bytes)
1650908550.370386 sending message 112 to peer 0x55dc4d3428d0 (11 bytes)
1650908550.370394 sending message 112 to peer 0x55dc4d3428d0 (21 bytes)
1650908550.370401 sending message 112 to peer 0x55dc4d3428d0 (13 bytes)
1650908550.370408 sending message 112 to peer 0x55dc4d3428d0 (7 bytes)
1650908550.370416 sending message 112 to peer 0x55dc4d3428d0 (13 bytes)
1650908550.370423 sending message 112 to peer 0x55dc4d3428d0 (7 bytes)
1650908550.370431 sending message 112 to peer 0x55dc4d3428d0 (13 bytes)
1650908550.370438 sending message 112 to peer 0x55dc4d3428d0 (9 bytes)
1650908550.370445 sending message 112 to peer 0x55dc4d3428d0 (21 bytes)
1650908550.370453 sending message 112 to peer 0x55dc4d3428d0 (13 bytes)
1650908550.370460 sending message 112 to peer 0x55dc4d3428d0 (8 bytes)
1650908550.370467 sending message 112 to peer 0x55dc4d3428d0 (12 bytes)
1650908550.370474 sending message 112 to peer 0x55dc4d3428d0 (13 bytes)
1650908550.370482 sending message 112 to peer 0x55dc4d3428d0 (9 bytes)
1650908550.370489 sending message 112 to peer 0x55dc4d3428d0 (9 bytes)
1650908550.370496 sending message 112 to peer 0x55dc4d3428d0 (12 bytes)
1650908550.370504 sending message 112 to peer 0x55dc4d3428d0 (8 bytes)
1650908550.370511 sending message 112 to peer 0x55dc4d3428d0 (7 bytes)
1650908550.370518 sending message 112 to peer 0x55dc4d3428d0 (7 bytes)
1650908550.370527 sending message 112 to peer 0x55dc4d3428d0 (9 bytes)
1650908550.370536 sending message 112 to peer 0x55dc4d3428d0 (13 bytes)
1650908550.370544 sending message 112 to peer 0x55dc4d3428d0 (9 bytes)
1650908550.370552 sending message 112 to peer 0x55dc4d3428d0 (15 bytes)
1650908550.370561 sending message 112 to peer 0x55dc4d3428d0 (13 bytes)
1650908550.370569 sending message 112 to peer 0x55dc4d3428d0 (12 bytes)
1650908550.370578 sending message 112 to peer 0x55dc4d3428d0 (8 bytes)
1650908550.370586 sending message 112 to peer 0x55dc4d3428d0 (14 bytes)
1650908550.370595 sending message 112 to peer 0x55dc4d3428d0 (9 bytes)
1650908550.370603 sending message 112 to peer 0x55dc4d3428d0 (10 bytes)
1650908550.370611 sending message 112 to peer 0x55dc4d3428d0 (10 bytes)
1650908550.370620 sending message 112 to peer 0x55dc4d3428d0 (10 bytes)
1650908550.370628 sending message 112 to peer 0x55dc4d3428d0 (10 bytes)
1650908550.370637 sending message 112 to peer 0x55dc4d3428d0 (11 bytes)
1650908550.370645 sending message 112 to peer 0x55dc4d3428d0 (10 bytes)
1650908550.370654 sending message 112 to peer 0x55dc4d3428d0 (8 bytes)
1650908550.370662 sending message 112 to peer 0x55dc4d3428d0 (11 bytes)
1650908550.370689 sending message 112 to peer 0x55dc4d3428d0 (11 bytes)
1650908550.370700 sending message 112 to peer 0x55dc4d3428d0 (11 bytes)
1650908550.370709 sending message 112 to peer 0x55dc4d3428d0 (8 bytes)
1650908550.370718 sending message 112 to peer 0x55dc4d3428d0 (8 bytes)
1650908550.370727 sending message 112 to peer 0x55dc4d3428d0 (8 bytes)
1650908550.370735 sending message 112 to peer 0x55dc4d3428d0 (10 bytes)
1650908550.370744 sending message 112 to peer 0x55dc4d3428d0 (10 bytes)
1650908550.370752 sending message 112 to peer 0x55dc4d3428d0 (10 bytes)
1650908550.370761 sending message 112 to peer 0x55dc4d3428d0 (10 bytes)
1650908550.370770 sending message 112 to peer 0x55dc4d3428d0 (10 bytes)
1650908550.370778 sending message 112 to peer 0x55dc4d3428d0 (11 bytes)
1650908550.370787 sending message 112 to peer 0x55dc4d3428d0 (11 bytes)
1650908550.370796 sending message 112 to peer 0x55dc4d3428d0 (10 bytes)
1650908550.370805 sending message 112 to peer 0x55dc4d3428d0 (9 bytes)
1650908550.370813 sending message 112 to peer 0x55dc4d3428d0 (9 bytes)
1650908550.370822 sending message 112 to peer 0x55dc4d3428d0 (12 bytes)
1650908550.370831 sending message 112 to peer 0x55dc4d3428d0 (9 bytes)
1650908550.370839 sending message 112 to peer 0x55dc4d3428d0 (6 bytes)
1650908550.370848 sending message 112 to peer 0x55dc4d3428d0 (13 bytes)
1650908550.370857 sending message 112 to peer 0x55dc4d3428d0 (8 bytes)
1650908550.370865 sending message 112 to peer 0x55dc4d3428d0 (15 bytes)
1650908550.370874 sending message 112 to peer 0x55dc4d3428d0 (13 bytes)
1650908550.370883 sending message 112 to peer 0x55dc4d3428d0 (70 bytes)
1650908550.370892 sending message 112 to peer 0x55dc4d3428d0 (69 bytes)
1650908550.370901 sending message 112 to peer 0x55dc4d3428d0 (10 bytes)
1650908550.370910 sending message 112 to peer 0x55dc4d3428d0 (8 bytes)
1650908550.370919 sending message 112 to peer 0x55dc4d3428d0 (15 bytes)
1650908550.370927 sending message 112 to peer 0x55dc4d3428d0 (13 bytes)
1650908550.370936 sending message 112 to peer 0x55dc4d3428d0 (10 bytes)
1650908550.370944 sending message 112 to peer 0x55dc4d3428d0 (10 bytes)
1650908550.370953 sending message 112 to peer 0x55dc4d3428d0 (5 bytes)
1650908550.370962 sending message 112 to peer 0x55dc4d3428d0 (15 bytes)
1650908550.370973 sending message 104 to peer 0x55dc4d3428d0 (0 bytes)
1650908550.370982 sending message 110 to peer 0x55dc4d3428d0 (0 bytes)
1650908550.370992 sending message 107 to peer 0x55dc4d3428d0 (4 bytes)
1650908550.371001 sending message 105 to peer 0x55dc4d3428d0 (38 bytes)
1650908550.371010 sending message 105 to peer 0x55dc4d3428d0 (57 bytes)
1650908550.371019 sending message 105 to peer 0x55dc4d3428d0 (23 bytes)
1650908550.371027 sending message 105 to peer 0x55dc4d3428d0 (20 bytes)
1650908550.371036 sending message 105 to peer 0x55dc4d3428d0 (11 bytes)
1650908550.371045 sending message 105 to peer 0x55dc4d3428d0 (14 bytes)
1650908550.371053 sending message 105 to peer 0x55dc4d3428d0 (12 bytes)
1650908550.371062 sending message 105 to peer 0x55dc4d3428d0 (54 bytes)
1650908550.371071 sending message 105 to peer 0x55dc4d3428d0 (50 bytes)
1650908550.371079 sending message 105 to peer 0x55dc4d3428d0 (21 bytes)
1650908550.371088 sending message 105 to peer 0x55dc4d3428d0 (13 bytes)
1650908550.371097 sending message 105 to peer 0x55dc4d3428d0 (11 bytes)
1650908550.371105 sending message 105 to peer 0x55dc4d3428d0 (13 bytes)
1650908550.371114 sending message 105 to peer 0x55dc4d3428d0 (61 bytes)
1650908550.371123 sending message 105 to peer 0x55dc4d3428d0 (42 bytes)
1650908550.371132 sending message 105 to peer 0x55dc4d3428d0 (51 bytes)
1650908550.371140 sending message 105 to peer 0x55dc4d3428d0 (16 bytes)
1650908550.371149 sending message 105 to peer 0x55dc4d3428d0 (20 bytes)
1650908550.371158 sending message 105 to peer 0x55dc4d3428d0 (19 bytes)
1650908550.371166 sending message 105 to peer 0x55dc4d3428d0 (22 bytes)
1650908550.371175 sending message 105 to peer 0x55dc4d3428d0 (32 bytes)
1650908550.371184 sending message 105 to peer 0x55dc4d3428d0 (21 bytes)
1650908550.371203 sending message 105 to peer 0x55dc4d3428d0 (53 bytes)
1650908550.371212 sending message 105 to peer 0x55dc4d3428d0 (14 bytes)
1650908550.371220 sending message 105 to peer 0x55dc4d3428d0 (14 bytes)
1650908550.371229 sending message 105 to peer 0x55dc4d3428d0 (12 bytes)
1650908550.371258 sending message 105 to peer 0x55dc4d3428d0 (16 bytes)
1650908550.371271 sending message 105 to peer 0x55dc4d3428d0 (16 bytes)
1650908550.371280 sending message 105 to peer 0x55dc4d3428d0 (43 bytes)
1650908550.371288 sending message 105 to peer 0x55dc4d3428d0 (37 bytes)
1650908550.371297 sending message 105 to peer 0x55dc4d3428d0 (37 bytes)
1650908550.371306 sending message 105 to peer 0x55dc4d3428d0 (43 bytes)
1650908550.371314 sending message 105 to peer 0x55dc4d3428d0 (16 bytes)
1650908550.371323 sending message 105 to peer 0x55dc4d3428d0 (14 bytes)
1650908550.371332 sending message 105 to peer 0x55dc4d3428d0 (29 bytes)
1650908550.371340 sending message 105 to peer 0x55dc4d3428d0 (29 bytes)
1650908550.371349 sending message 105 to peer 0x55dc4d3428d0 (24 bytes)
1650908550.371357 sending message 105 to peer 0x55dc4d3428d0 (30 bytes)
1650908550.371366 sending message 105 to peer 0x55dc4d3428d0 (11 bytes)
1650908550.371375 sending message 105 to peer 0x55dc4d3428d0 (1602 bytes)
1650908550.371384 sending message 105 to peer 0x55dc4d3428d0 (31 bytes)
1650908550.371391 sending message 105 to peer 0x55dc4d3428d0 (16 bytes)
1650908550.371398 sending message 105 to peer 0x55dc4d3428d0 (24 bytes)
1650908550.371406 sending message 105 to peer 0x55dc4d3428d0 (38 bytes)
1650908550.371413 sending message 105 to peer 0x55dc4d3428d0 (17 bytes)
1650908550.371420 sending message 105 to peer 0x55dc4d3428d0 (14 bytes)
1650908550.371428 sending message 105 to peer 0x55dc4d3428d0 (9 bytes)
1650908550.371435 sending message 105 to peer 0x55dc4d3428d0 (38 bytes)
1650908550.371442 sending message 105 to peer 0x55dc4d3428d0 (17 bytes)
1650908550.371450 sending message 105 to peer 0x55dc4d3428d0 (11 bytes)
1650908550.371457 sending message 105 to peer 0x55dc4d3428d0 (127 bytes)
1650908550.371465 sending message 105 to peer 0x55dc4d3428d0 (17 bytes)
1650908550.371472 sending message 105 to peer 0x55dc4d3428d0 (35 bytes)
1650908550.371479 sending message 105 to peer 0x55dc4d3428d0 (31 bytes)
1650908550.371487 sending message 105 to peer 0x55dc4d3428d0 (18 bytes)
1650908550.371494 sending message 105 to peer 0x55dc4d3428d0 (17 bytes)
1650908550.371502 sending message 105 to peer 0x55dc4d3428d0 (26 bytes)
1650908550.371509 sending message 105 to peer 0x55dc4d3428d0 (82 bytes)
1650908550.371516 sending message 105 to peer 0x55dc4d3428d0 (19 bytes)
1650908550.371524 sending message 105 to peer 0x55dc4d3428d0 (8 bytes)
1650908550.371531 sending message 105 to peer 0x55dc4d3428d0 (41 bytes)
1650908550.371539 sending message 105 to peer 0x55dc4d3428d0 (41 bytes)
1650908550.371546 sending message 105 to peer 0x55dc4d3428d0 (21 bytes)
1650908550.371554 sending message 105 to peer 0x55dc4d3428d0 (18 bytes)
1650908550.371561 sending message 105 to peer 0x55dc4d3428d0 (26 bytes)
1650908550.371568 sending message 105 to peer 0x55dc4d3428d0 (36 bytes)
1650908550.371575 sending message 105 to peer 0x55dc4d3428d0 (13 bytes)
1650908550.371583 sending message 105 to peer 0x55dc4d3428d0 (8 bytes)
1650908550.371590 sending message 105 to peer 0x55dc4d3428d0 (11 bytes)
1650908550.371598 sending message 105 to peer 0x55dc4d3428d0 (27 bytes)
1650908550.371605 sending message 105 to peer 0x55dc4d3428d0 (18 bytes)
1650908550.371612 sending message 105 to peer 0x55dc4d3428d0 (25 bytes)
1650908550.371619 sending message 105 to peer 0x55dc4d3428d0 (25 bytes)
1650908550.371627 sending message 105 to peer 0x55dc4d3428d0 (26 bytes)
1650908550.371634 sending message 105 to peer 0x55dc4d3428d0 (32 bytes)
1650908550.371641 sending message 105 to peer 0x55dc4d3428d0 (47 bytes)
1650908550.371649 sending message 105 to peer 0x55dc4d3428d0 (25 bytes)
1650908550.371656 sending message 105 to peer 0x55dc4d3428d0 (111 bytes)
1650908550.371663 sending message 105 to peer 0x55dc4d3428d0 (46 bytes)
1650908550.371681 sending message 105 to peer 0x55dc4d3428d0 (22 bytes)
1650908550.371689 sending message 105 to peer 0x55dc4d3428d0 (31 bytes)
1650908550.371696 sending message 105 to peer 0x55dc4d3428d0 (15 bytes)
1650908550.371703 sending message 105 to peer 0x55dc4d3428d0 (52 bytes)
1650908550.371711 sending message 105 to peer 0x55dc4d3428d0 (23 bytes)
1650908550.371718 sending message 105 to peer 0x55dc4d3428d0 (25 bytes)
1650908550.371726 sending message 105 to peer 0x55dc4d3428d0 (17 bytes)
1650908550.371733 sending message 105 to peer 0x55dc4d3428d0 (58 bytes)
1650908550.371740 sending message 105 to peer 0x55dc4d3428d0 (21 bytes)
1650908550.371747 sending message 105 to peer 0x55dc4d3428d0 (11 bytes)
1650908550.371755 sending message 105 to peer 0x55dc4d3428d0 (39 bytes)
1650908550.371762 sending message 105 to peer 0x55dc4d3428d0 (21 bytes)
1650908550.371769 sending message 105 to peer 0x55dc4d3428d0 (28 bytes)
1650908550.371776 sending message 105 to peer 0x55dc4d3428d0 (19 bytes)
1650908550.371784 sending message 105 to peer 0x55dc4d3428d0 (16 bytes)
1650908550.371791 sending message 106 to peer 0x55dc4d3428d0 (0 bytes)
1650908550.371801 sending message 200 to peer 0x55dc4d3428d0 (4 bytes)
1650908550.371808 client loop enter
1650908550.372400 peer 0x55dc4d3428d0 message 303
1650908550.372418 open write file 2 -
1650908550.372443 sending message 305 to peer 0x55dc4d3428d0 (8 bytes)
1650908550.372461 write check file 2
1650908550.372588 peer 0x55dc4d3428d0 message 304
1650908550.372603 write 58 to file 2
1650908550.372617 peer 0x55dc4d3428d0 message 203
1650908550.372625 file 2 58 bytes left
1650908550.372654 write check file 2
1650908550.372662 client loop exit
